mode: set
github.com/okd-project/sample-operator/controllers/sampleoperator_controller.go:57.106,63.16 4 0
github.com/okd-project/sample-operator/controllers/sampleoperator_controller.go:63.16,64.29 1 0
github.com/okd-project/sample-operator/controllers/sampleoperator_controller.go:64.29,69.4 1 0
github.com/okd-project/sample-operator/controllers/sampleoperator_controller.go:71.3,71.28 1 0
github.com/okd-project/sample-operator/controllers/sampleoperator_controller.go:75.2,83.64 6 0
github.com/okd-project/sample-operator/controllers/sampleoperator_controller.go:83.64,85.3 1 0
github.com/okd-project/sample-operator/controllers/sampleoperator_controller.go:88.2,89.36 2 0
github.com/okd-project/sample-operator/controllers/sampleoperator_controller.go:89.36,90.46 1 0
github.com/okd-project/sample-operator/controllers/sampleoperator_controller.go:90.46,91.12 1 0
github.com/okd-project/sample-operator/controllers/sampleoperator_controller.go:93.3,93.85 1 0
github.com/okd-project/sample-operator/controllers/sampleoperator_controller.go:93.85,95.4 1 0
github.com/okd-project/sample-operator/controllers/sampleoperator_controller.go:99.2,101.32 3 0
github.com/okd-project/sample-operator/controllers/sampleoperator_controller.go:101.32,103.3 1 0
github.com/okd-project/sample-operator/controllers/sampleoperator_controller.go:106.2,110.44 2 0
github.com/okd-project/sample-operator/controllers/sampleoperator_controller.go:110.44,113.17 3 0
github.com/okd-project/sample-operator/controllers/sampleoperator_controller.go:113.17,116.4 1 0
github.com/okd-project/sample-operator/controllers/sampleoperator_controller.go:117.3,118.28 2 0
github.com/okd-project/sample-operator/controllers/sampleoperator_controller.go:122.2,122.38 1 0
github.com/okd-project/sample-operator/controllers/sampleoperator_controller.go:122.38,126.30 4 0
github.com/okd-project/sample-operator/controllers/sampleoperator_controller.go:126.30,128.18 2 0
github.com/okd-project/sample-operator/controllers/sampleoperator_controller.go:128.18,131.5 2 0
github.com/okd-project/sample-operator/controllers/sampleoperator_controller.go:133.3,133.41 1 0
github.com/okd-project/sample-operator/controllers/sampleoperator_controller.go:137.2,137.38 1 0
github.com/okd-project/sample-operator/controllers/sampleoperator_controller.go:137.38,142.86 3 0
github.com/okd-project/sample-operator/controllers/sampleoperator_controller.go:142.86,144.4 1 0
github.com/okd-project/sample-operator/controllers/sampleoperator_controller.go:146.3,147.17 2 0
github.com/okd-project/sample-operator/controllers/sampleoperator_controller.go:147.17,150.4 2 0
github.com/okd-project/sample-operator/controllers/sampleoperator_controller.go:151.3,151.41 1 0
github.com/okd-project/sample-operator/controllers/sampleoperator_controller.go:154.2,154.27 1 0
github.com/okd-project/sample-operator/controllers/sampleoperator_controller.go:158.60,179.2 2 0
github.com/okd-project/sample-operator/controllers/sampleoperator_controller.go:182.77,187.2 1 0
